Copyright 1986-2022 Xilinx, Inc. All Rights Reserved. Copyright 2022-2025 Advanced Micro Devices, Inc. All Rights Reserved.
---------------------------------------------------------------------------------------------------------------------------------------------
| Tool Version : Vivado v.2025.2 (win64) Build 6299465 Fri Nov 14 19:35:11 GMT 2025
| Date         : Sun May 10 19:43:48 2026
| Host         : Heysomes running 64-bit major release  (build 9200)
| Command      : report_drc -file top_fpga_drc_opted.rpt -pb top_fpga_drc_opted.pb -rpx top_fpga_drc_opted.rpx
| Design       : top_fpga
| Device       : xc7s25csga324-1
| Speed File   : -1
| Design State : Synthesized
---------------------------------------------------------------------------------------------------------------------------------------------

Report DRC

Table of Contents
-----------------
1. REPORT SUMMARY
2. REPORT DETAILS

1. REPORT SUMMARY
-----------------
            Netlist: netlist
          Floorplan: design_1
      Design limits: <entire design considered>
           Ruledeck: default
             Max checks: <unlimited>
             Checks found: 1
+--------+----------+------------------------------------------------+--------+
| Rule   | Severity | Description                                    | Checks |
+--------+----------+------------------------------------------------+--------+
| PLIO-3 | Warning  | Placement Constraints Check for IO constraints | 1      |
+--------+----------+------------------------------------------------+--------+

2. REPORT DETAILS
-----------------
PLIO-3#1 Warning
Placement Constraints Check for IO constraints  
Partially locked IO Bus is found. Following components of the IO Bus sw[3:0] are not locked:  sw[3] sw[2]
Related violations: <none>


